Running Timing Analysis
-----------------------
------------------------------------------------------------------
100 iterations of matrix multiplication (functor) ran using (50,40)*(40,60) = (50,60)
      :Method:Average Time (s):approximate ops:computed elements
Data  Point:f:0.00384377:120110:3000
------------------------------------------------------------------
100 iterations of matrix multiplication (functor) ran using (60,50)*(50,70) = (60,70)
      :Method:Average Time (s):approximate ops:computed elements
Data  Point:f:0.0066987:210130:4200
------------------------------------------------------------------
100 iterations of matrix multiplication (functor) ran using (70,60)*(60,80) = (70,80)
      :Method:Average Time (s):approximate ops:computed elements
Data  Point:f:0.01069:336150:5600
------------------------------------------------------------------
100 iterations of matrix multiplication (functor) ran using (80,70)*(70,90) = (80,90)
      :Method:Average Time (s):approximate ops:computed elements
Data  Point:f:0.0160696:504170:7200
------------------------------------------------------------------
100 iterations of matrix multiplication (functor) ran using (90,80)*(80,100) = (90,100)
      :Method:Average Time (s):approximate ops:computed elements
Data  Point:f:0.0228992:720190:9000
------------------------------------------------------------------
100 iterations of matrix multiplication (functor) ran using (100,90)*(90,110) = (100,110)
      :Method:Average Time (s):approximate ops:computed elements
Data  Point:f:0.0314357:990210:11000
------------------------------------------------------------------
100 iterations of matrix multiplication (functor) ran using (200,90)*(90,220) = (200,220)
      :Method:Average Time (s):approximate ops:computed elements
Data  Point:f:0.12543:3960420:44000
------------------------------------------------------------------
100 iterations of matrix multiplication (functor) ran using (200,180)*(180,220) = (200,220)
      :Method:Average Time (s):approximate ops:computed elements
Data  Point:f:0.250349:7920420:44000
------------------------------------------------------------------
100 iterations of matrix multiplication (functor) ran using (400,360)*(360,240) = (400,240)
      :Method:Average Time (s):approximate ops:computed elements
Data  Point:f:1.09355:34560640:96000
------------------------------------------------------------------
100 iterations of matrix multiplication (method) ran using (50,40)*(40,60) = (50,60)
      :Method:Average Time (s):approximate ops:computed elements
Data Point:m1:0.00495499:120110:3000
------------------------------------------------------------------
100 iterations of matrix multiplication (method) ran using (60,50)*(50,70) = (60,70)
      :Method:Average Time (s):approximate ops:computed elements
Data Point:m1:0.00869474:210130:4200
------------------------------------------------------------------
100 iterations of matrix multiplication (method) ran using (70,60)*(60,80) = (70,80)
      :Method:Average Time (s):approximate ops:computed elements
Data Point:m1:0.0138696:336150:5600
------------------------------------------------------------------
100 iterations of matrix multiplication (method) ran using (80,70)*(70,90) = (80,90)
      :Method:Average Time (s):approximate ops:computed elements
Data Point:m1:0.0205791:504170:7200
------------------------------------------------------------------
100 iterations of matrix multiplication (method) ran using (90,80)*(80,100) = (90,100)
      :Method:Average Time (s):approximate ops:computed elements
Data Point:m1:0.0292823:720190:9000
------------------------------------------------------------------
100 iterations of matrix multiplication (method) ran using (100,90)*(90,110) = (100,110)
      :Method:Average Time (s):approximate ops:computed elements
Data Point:m1:0.0403837:990210:11000
------------------------------------------------------------------
100 iterations of matrix multiplication (method) ran using (200,90)*(90,220) = (200,220)
      :Method:Average Time (s):approximate ops:computed elements
Data Point:m1:0.161286:3960420:44000
------------------------------------------------------------------
100 iterations of matrix multiplication (method) ran using (200,180)*(180,220) = (200,220)
      :Method:Average Time (s):approximate ops:computed elements
Data Point:m1:0.330986:7920420:44000
