Running Timing Analysis
-----------------------
------------------------------------------------------------------
100 iterations of matrix multiplication (functor) ran using (50,40)*(40,60) = (50,60)
      :Method:Average Time (s):approximate ops:computed elements
Data  Point:f:0.00221:120110:3000
------------------------------------------------------------------
100 iterations of matrix multiplication (functor) ran using (60,50)*(50,70) = (60,70)
      :Method:Average Time (s):approximate ops:computed elements
Data  Point:f:0.00376587:210130:4200
------------------------------------------------------------------
100 iterations of matrix multiplication (functor) ran using (70,60)*(60,80) = (70,80)
      :Method:Average Time (s):approximate ops:computed elements
Data  Point:f:0.00598791:336150:5600
------------------------------------------------------------------
100 iterations of matrix multiplication (functor) ran using (80,70)*(70,90) = (80,90)
      :Method:Average Time (s):approximate ops:computed elements
Data  Point:f:0.00897008:504170:7200
------------------------------------------------------------------
100 iterations of matrix multiplication (functor) ran using (90,80)*(80,100) = (90,100)
      :Method:Average Time (s):approximate ops:computed elements
Data  Point:f:0.0127445:720190:9000
------------------------------------------------------------------
100 iterations of matrix multiplication (functor) ran using (100,90)*(90,110) = (100,110)
      :Method:Average Time (s):approximate ops:computed elements
Data  Point:f:0.01742:990210:11000
------------------------------------------------------------------
100 iterations of matrix multiplication (functor) ran using (200,90)*(90,220) = (200,220)
      :Method:Average Time (s):approximate ops:computed elements
Data  Point:f:0.0686085:3960420:44000
------------------------------------------------------------------
100 iterations of matrix multiplication (functor) ran using (200,180)*(180,220) = (200,220)
      :Method:Average Time (s):approximate ops:computed elements
Data  Point:f:0.137119:7920420:44000
------------------------------------------------------------------
100 iterations of matrix multiplication (functor) ran using (400,360)*(360,240) = (400,240)
      :Method:Average Time (s):approximate ops:computed elements
Data  Point:f:0.592885:34560640:96000
------------------------------------------------------------------
100 iterations of matrix multiplication (method) ran using (50,40)*(40,60) = (50,60)
      :Method:Average Time (s):approximate ops:computed elements
Data Point:m1:0.00376739:120110:3000
------------------------------------------------------------------
100 iterations of matrix multiplication (method) ran using (60,50)*(50,70) = (60,70)
      :Method:Average Time (s):approximate ops:computed elements
Data Point:m1:0.00651171:210130:4200
------------------------------------------------------------------
100 iterations of matrix multiplication (method) ran using (70,60)*(60,80) = (70,80)
      :Method:Average Time (s):approximate ops:computed elements
Data Point:m1:0.010769:336150:5600
------------------------------------------------------------------
100 iterations of matrix multiplication (method) ran using (80,70)*(70,90) = (80,90)
      :Method:Average Time (s):approximate ops:computed elements
Data Point:m1:0.0156546:504170:7200
------------------------------------------------------------------
100 iterations of matrix multiplication (method) ran using (90,80)*(80,100) = (90,100)
      :Method:Average Time (s):approximate ops:computed elements
Data Point:m1:0.022345:720190:9000
------------------------------------------------------------------
100 iterations of matrix multiplication (method) ran using (100,90)*(90,110) = (100,110)
      :Method:Average Time (s):approximate ops:computed elements
Data Point:m1:0.0312017:990210:11000
------------------------------------------------------------------
100 iterations of matrix multiplication (method) ran using (200,90)*(90,220) = (200,220)
      :Method:Average Time (s):approximate ops:computed elements
Data Point:m1:0.123094:3960420:44000
------------------------------------------------------------------
100 iterations of matrix multiplication (method) ran using (200,180)*(180,220) = (200,220)
      :Method:Average Time (s):approximate ops:computed elements
Data Point:m1:0.24699:7920420:44000
------------------------------------------------------------------
100 iterations of matrix multiplication (method) ran using (400,360)*(360,240) = (400,240)
      :Method:Average Time (s):approximate ops:computed elements
Data Point:m1:1.10293:34560640:96000
Timing Analysis Completed
=========================
