Running Timing Analysis
-----------------------
------------------------------------------------------------------
100 iterations of matrix multiplication (functor) ran using (50,40)*(40,60) = (50,60)
      :Method:Average Time (s):approximate ops:computed elements
Data  Point:f:0.00066734:120110:3000
------------------------------------------------------------------
100 iterations of matrix multiplication (functor) ran using (60,50)*(50,70) = (60,70)
      :Method:Average Time (s):approximate ops:computed elements
Data  Point:f:0.00091101:210130:4200
------------------------------------------------------------------
100 iterations of matrix multiplication (functor) ran using (70,60)*(60,80) = (70,80)
      :Method:Average Time (s):approximate ops:computed elements
Data  Point:f:0.00113684:336150:5600
------------------------------------------------------------------
100 iterations of matrix multiplication (functor) ran using (80,70)*(70,90) = (80,90)
      :Method:Average Time (s):approximate ops:computed elements
Data  Point:f:0.00146121:504170:7200
------------------------------------------------------------------
100 iterations of matrix multiplication (functor) ran using (90,80)*(80,100) = (90,100)
      :Method:Average Time (s):approximate ops:computed elements
Data  Point:f:0.00174909:720190:9000
------------------------------------------------------------------
100 iterations of matrix multiplication (functor) ran using (100,90)*(90,110) = (100,110)
      :Method:Average Time (s):approximate ops:computed elements
Data  Point:f:0.00220029:990210:11000
------------------------------------------------------------------
100 iterations of matrix multiplication (functor) ran using (200,90)*(90,220) = (200,220)
      :Method:Average Time (s):approximate ops:computed elements
Data  Point:f:0.00816439:3960420:44000
------------------------------------------------------------------
100 iterations of matrix multiplication (functor) ran using (200,180)*(180,220) = (200,220)
      :Method:Average Time (s):approximate ops:computed elements
Data  Point:f:0.00934134:7920420:44000
------------------------------------------------------------------
100 iterations of matrix multiplication (functor) ran using (400,360)*(360,240) = (400,240)
      :Method:Average Time (s):approximate ops:computed elements
Data  Point:f:0.0199341:34560640:96000
------------------------------------------------------------------
100 iterations of matrix multiplication (method) ran using (50,40)*(40,60) = (50,60)
      :Method:Average Time (s):approximate ops:computed elements
Data Point:m1:0.00010467:120110:3000
------------------------------------------------------------------
100 iterations of matrix multiplication (method) ran using (60,50)*(50,70) = (60,70)
      :Method:Average Time (s):approximate ops:computed elements
Data Point:m1:0.00017942:210130:4200
------------------------------------------------------------------
100 iterations of matrix multiplication (method) ran using (70,60)*(60,80) = (70,80)
      :Method:Average Time (s):approximate ops:computed elements
Data Point:m1:0.00029165:336150:5600
------------------------------------------------------------------
100 iterations of matrix multiplication (method) ran using (80,70)*(70,90) = (80,90)
      :Method:Average Time (s):approximate ops:computed elements
Data Point:m1:0.00045112:504170:7200
------------------------------------------------------------------
100 iterations of matrix multiplication (method) ran using (90,80)*(80,100) = (90,100)
      :Method:Average Time (s):approximate ops:computed elements
Data Point:m1:0.00066994:720190:9000
------------------------------------------------------------------
100 iterations of matrix multiplication (method) ran using (100,90)*(90,110) = (100,110)
      :Method:Average Time (s):approximate ops:computed elements
Data Point:m1:0.00086754:990210:11000
------------------------------------------------------------------
100 iterations of matrix multiplication (method) ran using (200,90)*(90,220) = (200,220)
      :Method:Average Time (s):approximate ops:computed elements
Data Point:m1:0.00350716:3960420:44000
------------------------------------------------------------------
100 iterations of matrix multiplication (method) ran using (200,180)*(180,220) = (200,220)
      :Method:Average Time (s):approximate ops:computed elements
Data Point:m1:0.00753707:7920420:44000
------------------------------------------------------------------
100 iterations of matrix multiplication (method) ran using (400,360)*(360,240) = (400,240)
      :Method:Average Time (s):approximate ops:computed elements
Data Point:m1:0.0357866:34560640:96000
Timing Analysis Completed
=========================
